[2013-03-16 09:26:46] START
[2013-03-16 09:26:46] EDIT welcome/controllers/default.py: 2
[2014-05-06 16:55:30] EDIT FabLab/controllers/default.py: -54
[2014-05-06 16:57:07] EDIT FabLab/controllers/default.py: 0
[2014-05-06 16:57:58] EDIT FabLab/views/default/index.html: -26
[2014-05-06 16:58:36] EDIT FabLab/controllers/default.py: 0
[2014-05-06 16:59:17] EDIT FabLab/views/default/index.html: 0
[2014-05-06 16:59:51] EDIT FabLab/views/default/index.html: 0
[2014-05-06 17:02:09] EDIT FabLab/controllers/default.py: 1
[2014-05-06 17:02:31] EDIT FabLab/views/default/index.html: 1
[2014-05-06 17:03:12] EDIT FabLab/views/default/index.html: -1
[2014-05-06 17:03:31] EDIT FabLab/views/default/index.html: 0
[2014-05-06 17:03:37] EDIT FabLab/controllers/default.py: -1
[2014-05-06 17:04:38] EDIT FabLab/controllers/default.py: 4
[2014-05-06 17:05:26] EDIT FabLab/views/default/index.html: 1
[2014-05-06 17:06:01] EDIT FabLab/controllers/default.py: 0
[2014-05-06 17:06:41] EDIT FabLab/controllers/default.py: 0
[2014-05-06 17:07:28] EDIT FabLab/views/default/index.html: 0
[2014-05-06 17:13:06] EDIT FabLab/controllers/default.py: 4
[2014-05-06 17:14:21] CREATE default/first.html: 0
[2014-05-06 17:21:07] EDIT FabLab/views/default/first.html: 8
[2014-05-06 17:22:58] CREATE default/second.html: 0
[2014-05-06 17:24:06] EDIT FabLab/views/default/second.html: -1
[2014-05-06 17:25:26] EDIT FabLab/views/default/second.html: 0
[2014-05-06 17:25:29] EDIT FabLab/views/default/first.html: 0
[2014-05-06 17:25:32] EDIT FabLab/views/default/index.html: 0
[2014-05-06 17:26:53] EDIT FabLab/views/default/index.html: 1
[2014-05-06 17:27:18] EDIT FabLab/views/default/index.html: 0
[2014-05-06 17:28:12] EDIT FabLab/views/default/first.html: -9
[2014-05-06 17:28:21] EDIT FabLab/views/default/index.html: 8
[2014-05-06 17:30:13] EDIT FabLab/views/default/first.html: 9
[2014-05-06 17:32:00] EDIT FabLab/views/default/index.html: -8
[2014-05-06 17:32:47] EDIT FabLab/views/default/index.html: 0
[2014-05-06 17:35:59] EDIT FabLab/views/default/second.html: 1
[2014-05-06 17:37:51] EDIT FabLab/views/default/second.html: 1
[2014-05-06 17:42:29] EDIT FabLab/views/default/second.html: 11
[2014-05-06 17:47:20] EDIT FabLab/views/default/second.html: 19
[2014-05-06 17:48:04] EDIT FabLab/views/default/second.html: 2
[2014-05-06 17:49:20] EDIT FabLab/views/default/second.html: 0
[2014-05-06 17:50:50] EDIT FabLab/views/default/second.html: 0
[2014-05-06 17:52:20] EDIT FabLab/views/default/first.html: 1
[2014-05-06 17:56:47] EDIT FabLab/views/default/second.html: 9
[2014-05-06 18:01:53] EDIT FabLab/views/default/second.html: 0
[2014-05-06 18:01:55] EDIT FabLab/views/default/first.html: 0
[2014-05-06 18:01:57] EDIT FabLab/views/default/index.html: 0
[2014-05-06 18:01:59] EDIT FabLab/controllers/default.py: 0
[2014-05-07 08:47:34] EDIT FabLab/views/default/index.html: 0
[2014-05-07 08:51:08] EDIT FabLab/views/default/index.html: 0
[2014-05-07 09:01:20] EDIT FabLab/views/default/index.html: 0
[2014-05-07 09:06:40] EDIT FabLab/views/default/index.html: 0
[2014-05-07 09:11:17] EDIT FabLab/views/default/index.html: 0
[2014-05-07 09:21:15] EDIT FabLab/views/default/second.html: 15
[2014-05-07 09:28:21] EDIT FabLab/views/default/second.html: 1
[2014-05-07 09:29:18] EDIT FabLab/views/default/second.html: 0
[2014-05-07 09:33:57] EDIT FabLab/views/default/second.html: 1
[2014-05-07 09:35:22] EDIT FabLab/views/default/second.html: 1
[2014-05-07 10:40:03] EDIT FabLab/views/default/index.html: 17
[2014-05-07 10:41:05] EDIT FabLab/views/default/index.html: 2
[2014-05-07 10:42:56] EDIT FabLab/views/default/index.html: -19
[2014-05-07 10:48:16] EDIT FabLab/views/default/index.html: 0
[2014-05-07 10:48:41] EDIT FabLab/views/default/index.html: 0
[2014-05-07 10:49:44] EDIT FabLab/views/default/index.html: 0
[2014-05-07 10:49:45] EDIT FabLab/views/default/index.html: 0
[2014-05-07 10:50:20] EDIT FabLab/views/default/index.html: 0
[2014-05-07 10:50:52] EDIT FabLab/views/default/index.html: 0
[2014-05-07 10:51:20] EDIT FabLab/views/default/index.html: 0
[2014-05-07 10:51:54] EDIT FabLab/views/default/index.html: 0
[2014-05-07 11:04:14] EDIT FabLab/views/default/second.html: 5
[2014-05-07 11:04:17] EDIT FabLab/views/default/second.html: 0
[2014-05-07 11:18:11] EDIT FabLab/views/default/second.html: 16
[2014-05-07 11:23:30] EDIT FabLab/views/default/second.html: -7
[2014-05-07 11:24:55] EDIT FabLab/views/default/second.html: 1
[2014-05-07 11:59:45] EDIT FabLab/views/default/second.html: 2
[2014-05-07 12:07:38] EDIT FabLab/views/default/second.html: 1
[2014-05-07 12:15:08] EDIT FabLab/views/default/second.html: 0
[2014-05-07 12:15:41] EDIT FabLab/views/default/second.html: -1
[2014-05-07 12:17:52] EDIT FabLab/views/default/second.html: 0
[2014-05-07 12:19:45] EDIT FabLab/views/default/second.html: 0
[2014-05-08 07:23:47] EDIT FabLab/views/default/first.html: 72
[2014-05-08 07:29:00] EDIT FabLab/views/default/first.html: 30
[2014-05-08 07:31:10] EDIT FabLab/views/default/first.html: 23
[2014-05-08 07:34:55] EDIT FabLab/views/default/first.html: 0
[2014-05-08 07:39:27] EDIT FabLab/views/default/first.html: -58
[2014-05-08 07:45:59] EDIT FabLab/views/default/second.html: -72
[2014-05-08 07:48:53] EDIT FabLab/views/default/second.html: 0
[2014-05-08 07:52:31] EDIT FabLab/views/default/second.html: -1
[2014-05-08 07:52:34] EDIT FabLab/views/default/first.html: 0
[2014-05-08 07:53:49] EDIT FabLab/views/default/first.html: 0
[2014-05-08 07:56:30] EDIT FabLab/views/default/first.html: -1
[2014-05-08 08:11:46] EDIT FabLab/views/default/second.html: 6
[2014-05-08 08:31:04] EDIT FabLab/views/default/first.html: 2
[2014-05-08 08:36:40] EDIT FabLab/views/default/first.html: 3
[2014-05-08 08:38:18] EDIT FabLab/views/default/first.html: 1
[2014-05-08 08:39:34] EDIT FabLab/views/default/first.html: -1
[2014-05-08 08:57:18] EDIT FabLab/views/default/first.html: 3
[2014-05-08 09:00:19] EDIT FabLab/controllers/default.py: 7
[2014-05-08 09:02:41] EDIT FabLab/controllers/default.py: 0
[2014-05-08 09:02:59] EDIT FabLab/controllers/default.py: 0
[2014-05-08 09:03:17] EDIT FabLab/controllers/default.py: 0
[2014-05-08 09:07:02] EDIT FabLab/controllers/default.py: -7
[2014-05-08 09:09:50] EDIT FabLab/views/default/second.html: 0
[2014-05-08 09:15:54] EDIT FabLab/views/default/second.html: 1
[2014-05-08 09:17:29] EDIT FabLab/views/default/first.html: -5
[2014-05-09 09:18:53] EDIT FabLab/controllers/default.py: 1
[2014-05-09 09:22:21] EDIT FabLab/controllers/default.py: 0
[2014-05-09 09:22:22] EDIT FabLab/controllers/default.py: 0
[2014-05-09 09:25:59] EDIT FabLab/views/default/first.html: 7
[2014-05-09 09:27:20] EDIT FabLab/views/default/first.html: -1
[2014-05-09 09:28:42] EDIT FabLab/views/default/first.html: 0
[2014-05-09 09:29:28] EDIT FabLab/views/default/first.html: 0
[2014-05-09 09:29:35] EDIT FabLab/views/default/first.html: 0
[2014-05-09 09:30:20] EDIT FabLab/views/default/first.html: 0
[2014-05-09 09:32:50] EDIT FabLab/views/default/first.html: 2
[2014-05-09 09:34:47] EDIT FabLab/views/default/first.html: 0
[2014-05-09 09:38:23] EDIT FabLab/views/default/first.html: 0
[2014-05-09 09:40:14] EDIT FabLab/views/default/first.html: 0
[2014-05-09 09:40:25] EDIT FabLab/controllers/default.py: 0
[2014-05-09 09:49:22] EDIT FabLab/views/default/first.html: 0
[2014-05-09 09:49:34] EDIT FabLab/views/default/second.html: 0
[2014-05-09 09:49:38] EDIT FabLab/views/default/first.html: 0
[2014-05-09 10:05:17] EDIT FabLab/controllers/default.py: 5
[2014-05-09 10:05:38] EDIT FabLab/controllers/default.py: 0
[2014-05-09 10:05:40] EDIT FabLab/controllers/default.py: 0
[2014-05-09 10:05:54] EDIT FabLab/controllers/default.py: 0
[2014-05-09 10:05:56] EDIT FabLab/controllers/default.py: 0
[2014-05-09 10:06:01] EDIT FabLab/controllers/default.py: 0
[2014-05-09 10:08:51] EDIT FabLab/controllers/default.py: 0
[2014-05-09 10:09:03] EDIT FabLab/controllers/default.py: 0
[2014-05-09 10:09:31] EDIT FabLab/controllers/default.py: 0
[2014-05-09 10:15:05] EDIT FabLab/views/default/first.html: -3
[2014-05-09 10:18:15] EDIT FabLab/views/default/first.html: 1
[2014-05-09 10:20:22] EDIT FabLab/controllers/default.py: 4
[2014-05-09 10:20:43] EDIT FabLab/controllers/default.py: 0
[2014-05-09 10:22:28] EDIT FabLab/controllers/default.py: 1
[2014-05-09 10:25:22] EDIT FabLab/controllers/default.py: 0
[2014-05-09 10:25:36] EDIT FabLab/controllers/default.py: 0
[2014-05-09 10:27:15] EDIT FabLab/controllers/default.py: 0
[2014-05-09 10:30:03] EDIT FabLab/controllers/default.py: 1
[2014-05-09 10:31:05] EDIT FabLab/controllers/default.py: 0
[2014-05-09 10:31:25] EDIT FabLab/controllers/default.py: 0
[2014-05-09 10:39:12] EDIT FabLab/views/default/first.html: 0
[2014-05-09 10:40:05] EDIT FabLab/controllers/default.py: 0
[2014-05-09 10:41:10] EDIT FabLab/controllers/default.py: 0
[2014-05-09 10:41:12] EDIT FabLab/controllers/default.py: 0
[2014-05-09 10:42:49] EDIT FabLab/controllers/default.py: 0
[2014-05-09 10:43:39] EDIT FabLab/controllers/default.py: 0
[2014-05-09 10:45:11] EDIT FabLab/controllers/default.py: 0
[2014-05-09 10:45:59] EDIT FabLab/controllers/default.py: 0
[2014-05-09 10:47:41] EDIT FabLab/controllers/default.py: 0
[2014-05-09 10:48:59] EDIT FabLab/controllers/default.py: 0
[2014-05-09 10:53:57] EDIT FabLab/views/default/first.html: 0
[2014-05-09 13:40:01] EDIT FabLab/controllers/default.py: 6
[2014-05-09 13:40:16] EDIT FabLab/controllers/default.py: 0
[2014-05-09 13:40:19] EDIT FabLab/controllers/default.py: 0
[2014-05-09 13:40:24] EDIT FabLab/controllers/default.py: 0
[2014-05-09 13:40:52] EDIT FabLab/controllers/default.py: 0
[2014-05-09 13:40:56] EDIT FabLab/controllers/default.py: 0
[2014-05-09 13:41:10] EDIT FabLab/controllers/default.py: 0
[2014-05-09 13:41:12] EDIT FabLab/controllers/default.py: 0
[2014-05-09 13:41:16] EDIT FabLab/controllers/default.py: 0
[2014-05-09 13:41:32] EDIT FabLab/controllers/default.py: 0
[2014-05-09 13:42:37] EDIT FabLab/controllers/default.py: -2
[2014-05-09 13:43:21] EDIT FabLab/views/default/first.html: 0
[2014-05-09 13:44:43] EDIT FabLab/controllers/default.py: 0
[2014-05-09 13:44:56] EDIT FabLab/controllers/default.py: 0
[2014-05-09 13:45:01] EDIT FabLab/controllers/default.py: 0
[2014-05-09 13:45:39] EDIT FabLab/controllers/default.py: -4
[2014-05-09 13:47:39] EDIT FabLab/controllers/default.py: 0
[2014-05-09 13:49:37] EDIT FabLab/controllers/default.py: 1
[2014-05-09 13:52:38] EDIT FabLab/controllers/default.py: 0
[2014-05-09 13:52:55] EDIT FabLab/controllers/default.py: 0
[2014-05-09 13:52:57] EDIT FabLab/controllers/default.py: 0
[2014-05-09 13:53:08] EDIT FabLab/controllers/default.py: 0
[2014-05-09 13:53:16] EDIT FabLab/controllers/default.py: 0
[2014-05-09 13:53:20] EDIT FabLab/controllers/default.py: 0
[2014-05-09 13:53:35] EDIT FabLab/controllers/default.py: 0
[2014-05-09 13:54:01] EDIT FabLab/controllers/default.py: 0
[2014-05-09 13:54:21] EDIT FabLab/controllers/default.py: 0
[2014-05-09 13:54:25] EDIT FabLab/controllers/default.py: 0
[2014-05-09 13:56:00] EDIT FabLab/controllers/default.py: 0
[2014-05-09 13:56:04] EDIT FabLab/controllers/default.py: 0
[2014-05-09 13:56:26] EDIT FabLab/controllers/default.py: 0
[2014-05-09 13:56:30] EDIT FabLab/controllers/default.py: 0
[2014-05-09 13:57:20] EDIT FabLab/controllers/default.py: 0
[2014-05-09 14:03:09] EDIT FabLab/controllers/default.py: 1
[2014-05-09 14:03:44] EDIT FabLab/controllers/default.py: 0
[2014-05-09 14:03:48] EDIT FabLab/controllers/default.py: 0
[2014-05-09 14:04:12] EDIT FabLab/controllers/default.py: -1
[2014-05-09 14:04:41] EDIT FabLab/controllers/default.py: 0
[2014-05-09 14:05:32] EDIT FabLab/controllers/default.py: 0
[2014-05-09 14:05:37] EDIT FabLab/controllers/default.py: 0
[2014-05-09 14:06:52] EDIT FabLab/controllers/default.py: -3
[2014-05-09 14:07:17] EDIT FabLab/controllers/default.py: 0
[2014-05-09 14:07:21] EDIT FabLab/controllers/default.py: 0
[2014-05-09 14:07:29] EDIT FabLab/controllers/default.py: 0
[2014-05-09 14:07:32] EDIT FabLab/controllers/default.py: 0
[2014-05-09 14:07:43] EDIT FabLab/controllers/default.py: 0
[2014-05-09 14:08:36] EDIT FabLab/controllers/default.py: 1
[2014-05-09 14:08:40] EDIT FabLab/controllers/default.py: 0
[2014-05-09 14:09:19] EDIT FabLab/controllers/default.py: 0
[2014-05-09 14:16:41] EDIT FabLab/controllers/default.py: 1
[2014-05-09 14:16:59] EDIT FabLab/controllers/default.py: 0
[2014-05-09 14:18:12] EDIT FabLab/views/default/first.html: 1
[2014-05-09 14:26:00] EDIT FabLab/controllers/default.py: 0
[2014-05-09 14:26:46] EDIT FabLab/controllers/default.py: 0
[2014-05-09 14:27:37] EDIT FabLab/controllers/default.py: 0
[2014-05-09 14:28:25] EDIT FabLab/controllers/default.py: 0
[2014-05-09 14:31:44] EDIT FabLab/controllers/default.py: -1
[2014-05-09 14:32:01] EDIT FabLab/controllers/default.py: 0
[2014-05-09 14:32:38] EDIT FabLab/controllers/default.py: 0
[2014-05-09 14:34:01] EDIT FabLab/controllers/default.py: 0
[2014-05-09 14:34:39] EDIT FabLab/controllers/default.py: 0
[2014-05-09 14:36:47] EDIT FabLab/controllers/default.py: 0
[2014-05-09 14:37:37] EDIT FabLab/controllers/default.py: 0
[2014-05-09 14:38:30] EDIT FabLab/controllers/default.py: 0
[2014-05-09 14:39:13] EDIT FabLab/controllers/default.py: 0
[2014-05-09 14:40:36] EDIT FabLab/views/default/first.html: 0
[2014-05-09 14:41:27] EDIT FabLab/views/default/first.html: 0
[2014-05-09 14:45:38] EDIT FabLab/controllers/default.py: 1
[2014-05-09 14:47:18] EDIT FabLab/controllers/default.py: 5
[2014-05-09 14:48:17] EDIT FabLab/controllers/default.py: 0
[2014-05-09 20:46:40] EDIT FabLab/controllers/default.py: 0
[2014-05-09 20:53:33] EDIT FabLab/controllers/default.py: 6
[2014-05-09 20:53:55] EDIT FabLab/controllers/default.py: 0
[2014-05-09 20:54:13] EDIT FabLab/controllers/default.py: 0
[2014-05-09 20:54:26] EDIT FabLab/controllers/default.py: 0
[2014-05-09 20:54:44] EDIT FabLab/controllers/default.py: 0
[2014-05-09 20:55:15] EDIT FabLab/controllers/default.py: 0
[2014-05-09 20:55:18] EDIT FabLab/controllers/default.py: 0
[2014-05-09 20:58:14] EDIT FabLab/controllers/default.py: 0
[2014-05-09 20:58:21] EDIT FabLab/controllers/default.py: 0
[2014-05-09 20:58:27] EDIT FabLab/controllers/default.py: 0
[2014-05-09 20:58:30] EDIT FabLab/controllers/default.py: 0
[2014-05-09 20:59:05] EDIT FabLab/controllers/default.py: 0
[2014-05-09 20:59:10] EDIT FabLab/controllers/default.py: 0
[2014-05-09 20:59:27] EDIT FabLab/controllers/default.py: 0
[2014-05-09 21:02:17] EDIT FabLab/views/default/first.html: 1
[2014-05-09 21:05:07] EDIT FabLab/views/default/first.html: -1
[2014-05-09 21:07:01] EDIT FabLab/views/default/first.html: 0
[2014-05-09 21:10:17] EDIT FabLab/views/default/first.html: -4
[2014-05-09 21:11:02] EDIT FabLab/views/default/first.html: -1
[2014-05-09 21:11:47] EDIT FabLab/views/default/first.html: 0
[2014-05-09 21:13:30] EDIT FabLab/views/default/first.html: 0
[2014-05-09 21:14:33] EDIT FabLab/views/default/first.html: -1
[2014-05-09 21:15:42] EDIT FabLab/views/default/index.html: 0
[2014-05-09 21:17:44] EDIT FabLab/views/default/first.html: 1
[2014-05-09 21:18:22] EDIT FabLab/views/default/first.html: 0
[2014-05-09 21:20:43] EDIT FabLab/controllers/default.py: 0
[2014-05-09 21:29:31] EDIT FabLab/controllers/default.py: 0
[2014-05-09 21:30:25] EDIT FabLab/controllers/default.py: 0
[2014-05-09 21:31:16] EDIT FabLab/controllers/default.py: 0
[2014-05-09 21:32:12] EDIT FabLab/controllers/default.py: 0
[2014-05-09 21:38:43] EDIT FabLab/controllers/default.py: 0
[2014-05-09 21:38:49] EDIT FabLab/controllers/default.py: 0
[2014-05-12 21:18:22] EDIT FabLab/views/default/first.html: 1
[2014-05-12 21:19:21] EDIT FabLab/controllers/default.py: 0
[2014-05-12 21:26:26] EDIT FabLab/controllers/default.py: -3
[2014-05-12 21:29:44] EDIT FabLab/controllers/default.py: 0
[2014-05-12 21:33:28] EDIT FabLab/controllers/default.py: 0
[2014-05-14 15:06:57] EDIT FabLab/controllers/default.py: 0
[2014-05-14 15:07:19] EDIT FabLab/controllers/default.py: 0
[2014-05-14 15:07:23] EDIT FabLab/controllers/default.py: 0
[2014-05-14 15:07:49] EDIT FabLab/controllers/default.py: 0
[2014-05-14 15:07:54] EDIT FabLab/controllers/default.py: 0
[2014-05-14 15:13:26] EDIT FabLab/controllers/default.py: 3
[2014-05-14 15:13:45] EDIT FabLab/controllers/default.py: 0
[2014-05-14 15:14:36] EDIT FabLab/controllers/default.py: 0
[2014-05-14 15:14:40] EDIT FabLab/controllers/default.py: 0
[2014-05-14 15:14:52] EDIT FabLab/controllers/default.py: 0
[2014-05-14 15:15:08] EDIT FabLab/controllers/default.py: 0
[2014-05-14 15:15:12] EDIT FabLab/controllers/default.py: 0
[2014-05-14 15:15:29] EDIT FabLab/controllers/default.py: 0
[2014-05-14 15:15:48] EDIT FabLab/controllers/default.py: 0
[2014-05-14 15:17:26] EDIT FabLab/controllers/default.py: 0
[2014-05-14 15:18:33] EDIT FabLab/controllers/default.py: 0
[2014-05-14 15:19:22] EDIT FabLab/controllers/default.py: 0
[2014-05-14 15:20:27] EDIT FabLab/controllers/default.py: 0
[2014-05-14 15:20:59] EDIT FabLab/controllers/default.py: 0
[2014-05-14 15:22:03] EDIT FabLab/controllers/default.py: 0
[2014-05-14 15:23:50] EDIT FabLab/controllers/default.py: 0
[2014-05-14 15:26:41] EDIT FabLab/controllers/default.py: 0
[2014-05-14 15:27:21] EDIT FabLab/controllers/default.py: 0
[2014-05-14 15:27:57] EDIT FabLab/controllers/default.py: 0
[2014-05-14 15:28:39] EDIT FabLab/controllers/default.py: 0
[2014-05-14 15:31:52] EDIT FabLab/controllers/default.py: 0
[2014-05-14 15:34:24] EDIT FabLab/controllers/default.py: 0
[2014-05-14 15:35:10] EDIT FabLab/controllers/default.py: 0
[2014-05-14 15:46:53] EDIT FabLab/controllers/default.py: 8
[2014-05-14 16:05:12] EDIT FabLab/controllers/default.py: 0
[2014-05-14 16:05:44] EDIT FabLab/controllers/default.py: 0
[2014-05-14 16:07:37] EDIT FabLab/controllers/default.py: 0
[2014-05-14 16:19:42] EDIT FabLab/controllers/default.py: 0
[2014-05-14 16:37:29] EDIT FabLab/controllers/default.py: 0
[2014-05-14 16:37:56] EDIT FabLab/controllers/default.py: 0
[2014-05-14 16:39:44] EDIT FabLab/controllers/default.py: 0
[2014-05-14 16:39:48] EDIT FabLab/controllers/default.py: 0
[2014-05-14 16:39:58] EDIT FabLab/controllers/default.py: 0
[2014-05-14 16:40:13] EDIT FabLab/controllers/default.py: 0
[2014-05-14 16:44:39] EDIT FabLab/controllers/default.py: 0
[2014-05-14 16:44:43] EDIT FabLab/controllers/default.py: 0
[2014-05-14 16:44:45] EDIT FabLab/controllers/default.py: 0
[2014-05-14 16:57:40] EDIT FabLab/controllers/default.py: 0
[2014-05-14 16:58:00] EDIT FabLab/controllers/default.py: 0
[2014-05-14 17:04:36] EDIT FabLab/controllers/default.py: 0
[2014-05-14 17:04:37] EDIT FabLab/controllers/default.py: 0
[2014-05-14 17:12:47] EDIT FabLab/controllers/default.py: 2
[2014-05-14 17:13:02] EDIT FabLab/controllers/default.py: 0
[2014-05-14 17:17:46] EDIT FabLab/controllers/default.py: 0
[2014-05-14 17:20:53] EDIT FabLab/views/default/first.html: 0
[2014-05-14 17:33:12] EDIT FabLab/views/default/first.html: 0
[2014-05-14 17:51:55] EDIT FabLab/controllers/default.py: 0
[2014-05-14 18:19:38] EDIT FabLab/controllers/default.py: 0
[2014-05-14 18:24:07] EDIT FabLab/controllers/default.py: 0
[2014-05-14 18:24:32] EDIT FabLab/controllers/default.py: 0
[2014-05-14 18:26:15] EDIT FabLab/controllers/default.py: 0
[2014-05-14 18:26:56] EDIT FabLab/views/default/first.html: -1
[2014-05-14 18:30:01] EDIT FabLab/controllers/default.py: 2
[2014-05-14 18:30:17] EDIT FabLab/controllers/default.py: 0
[2014-05-14 18:30:50] EDIT FabLab/controllers/default.py: 0
[2014-05-14 18:31:32] EDIT FabLab/controllers/default.py: 0
[2014-05-14 18:33:10] EDIT FabLab/controllers/default.py: -1
[2014-05-14 18:33:40] EDIT FabLab/controllers/default.py: 0
[2014-05-14 18:35:07] EDIT FabLab/controllers/default.py: -1
[2014-05-14 18:35:44] EDIT FabLab/views/default/first.html: 0
[2014-05-14 18:37:55] EDIT FabLab/controllers/default.py: 0
[2014-05-14 18:38:38] EDIT FabLab/views/default/first.html: 0
[2014-05-14 18:42:05] EDIT FabLab/controllers/default.py: 0
[2014-05-14 18:42:24] EDIT FabLab/controllers/default.py: 0
[2014-05-14 18:46:36] EDIT FabLab/controllers/default.py: 0
[2014-05-14 18:46:47] EDIT FabLab/controllers/default.py: 0
[2014-05-14 18:49:14] EDIT FabLab/views/default/first.html: 0
[2014-05-15 09:11:38] EDIT FabLab/controllers/default.py: 0
[2014-05-15 09:13:32] EDIT FabLab/controllers/default.py: 0
[2014-05-15 09:13:45] EDIT FabLab/controllers/default.py: 0
[2014-05-15 09:13:58] EDIT FabLab/controllers/default.py: 0
[2014-05-15 09:14:03] EDIT FabLab/controllers/default.py: 0
[2014-05-15 09:14:15] EDIT FabLab/controllers/default.py: 0
[2014-05-15 09:14:29] EDIT FabLab/controllers/default.py: 0
[2014-05-15 09:14:33] EDIT FabLab/controllers/default.py: 0
[2014-05-15 09:14:38] EDIT FabLab/controllers/default.py: 0
[2014-05-15 09:14:51] EDIT FabLab/controllers/default.py: 0
[2014-05-15 09:15:09] EDIT FabLab/controllers/default.py: 0
[2014-05-15 09:15:26] EDIT FabLab/controllers/default.py: 0
[2014-05-15 09:16:19] EDIT FabLab/controllers/default.py: 0
[2014-05-15 09:36:33] EDIT FabLab/views/default/first.html: 0
[2014-05-15 10:05:44] EDIT FabLab/controllers/default.py: 0
[2014-05-15 10:05:57] EDIT FabLab/views/default/first.html: 0
[2014-05-15 10:15:34] EDIT FabLab/controllers/default.py: 0
[2014-05-15 10:17:09] EDIT FabLab/views/default/first.html: 0
[2014-05-15 10:20:06] EDIT FabLab/views/default/first.html: 0
[2014-05-15 10:20:36] EDIT FabLab/controllers/default.py: 0
[2014-05-15 10:47:06] EDIT FabLab/controllers/default.py: 8
[2014-05-15 10:47:57] EDIT FabLab/controllers/default.py: 0
[2014-05-15 10:47:59] EDIT FabLab/controllers/default.py: 0
[2014-05-15 10:48:04] EDIT FabLab/controllers/default.py: 0
[2014-05-15 10:48:35] EDIT FabLab/controllers/default.py: -1
[2014-05-15 10:57:01] EDIT FabLab/controllers/default.py: 0
[2014-05-15 10:57:06] EDIT FabLab/controllers/default.py: 0
[2014-05-15 10:57:32] EDIT FabLab/controllers/default.py: 0
[2014-05-15 11:00:11] EDIT FabLab/controllers/default.py: 1
[2014-05-15 11:00:41] EDIT FabLab/controllers/default.py: -1
[2014-05-15 11:01:08] EDIT FabLab/controllers/default.py: 0
[2014-05-15 11:06:00] EDIT FabLab/controllers/default.py: 0
[2014-05-15 11:06:10] EDIT FabLab/controllers/default.py: 0
[2014-05-15 11:06:30] EDIT FabLab/controllers/default.py: 0
[2014-05-15 11:07:33] EDIT FabLab/controllers/default.py: 1
[2014-05-15 11:07:42] EDIT FabLab/controllers/default.py: 0
[2014-05-15 11:09:34] EDIT FabLab/views/default/first.html: 0
[2014-05-15 11:11:54] EDIT FabLab/views/default/first.html: 0
[2014-05-15 11:30:35] EDIT FabLab/controllers/default.py: 0
[2014-05-15 11:32:11] EDIT FabLab/controllers/default.py: 0
[2014-05-15 11:34:31] EDIT FabLab/controllers/default.py: 0
[2014-05-15 11:34:39] EDIT FabLab/controllers/default.py: 0
[2014-05-15 11:36:52] EDIT FabLab/controllers/default.py: -1
[2014-05-15 11:45:21] CREATE basic.css: 0
[2014-05-15 11:50:05] EDIT FabLab/static/basic.css: 3
[2014-05-15 11:52:54] EDIT FabLab/views/default/first.html: 8
[2014-05-15 11:59:00] EDIT FabLab/views/default/first.html: 1
[2014-05-15 12:01:21] EDIT FabLab/views/default/first.html: 0
[2014-05-15 12:03:51] EDIT FabLab/views/default/first.html: 0
[2014-05-15 12:04:55] EDIT FabLab/views/default/first.html: 0
[2014-05-15 12:12:47] EDIT FabLab/views/default/first.html: 0
[2014-05-15 12:13:45] EDIT FabLab/views/default/first.html: 1
[2014-05-15 12:14:21] EDIT FabLab/views/default/first.html: -3
[2014-05-15 12:15:59] EDIT FabLab/views/default/first.html: 1
[2014-05-15 12:17:42] EDIT FabLab/static/basic.css: 6
[2014-05-15 12:21:05] EDIT FabLab/static/basic.css: 2
[2014-05-15 12:22:27] EDIT FabLab/views/default/first.html: 1
[2014-05-15 12:22:38] EDIT FabLab/views/default/first.html: 0
[2014-05-15 12:35:58] EDIT FabLab/views/default/first.html: 0
[2014-05-15 12:39:14] EDIT FabLab/controllers/default.py: -1
[2014-05-15 12:56:13] EDIT FabLab/views/default/first.html: 1
[2014-05-15 12:57:36] EDIT FabLab/views/default/first.html: -1
[2014-05-15 13:02:34] EDIT FabLab/controllers/default.py: 0
[2014-05-15 13:04:07] EDIT FabLab/controllers/default.py: 0
[2014-05-15 13:04:42] EDIT FabLab/controllers/default.py: 0
[2014-05-15 13:06:07] EDIT FabLab/controllers/default.py: 1
[2014-05-15 13:06:29] EDIT FabLab/controllers/default.py: 0
[2014-05-15 13:10:46] EDIT FabLab/controllers/default.py: 0
[2014-05-15 13:14:04] EDIT FabLab/controllers/default.py: 0
[2014-05-15 13:14:07] EDIT FabLab/controllers/default.py: 0
[2014-05-15 13:14:07] EDIT FabLab/controllers/default.py: 0
[2014-05-15 13:14:09] EDIT FabLab/controllers/default.py: 0
[2014-05-15 13:14:09] EDIT FabLab/controllers/default.py: 0
[2014-05-15 13:15:48] EDIT FabLab/controllers/default.py: 0
[2014-05-15 13:16:12] EDIT FabLab/controllers/default.py: 0
[2014-05-15 13:16:51] EDIT FabLab/views/default/first.html: 0
[2014-05-15 13:23:36] EDIT FabLab/views/default/first.html: 1
[2014-05-15 13:28:02] EDIT FabLab/views/default/first.html: -1
[2014-05-15 13:28:16] EDIT FabLab/controllers/default.py: 0
[2014-05-15 13:34:13] EDIT FabLab/controllers/default.py: 0
[2014-05-15 13:35:29] EDIT FabLab/controllers/default.py: 0
[2014-05-15 13:37:40] EDIT FabLab/controllers/default.py: 0
[2014-05-15 13:42:06] EDIT FabLab/controllers/default.py: 0
[2014-05-15 13:47:28] EDIT FabLab/controllers/default.py: 0
[2014-05-15 13:49:17] EDIT FabLab/views/default/first.html: 0
[2014-05-15 13:50:30] EDIT FabLab/views/default/first.html: 0
[2014-05-15 14:00:45] EDIT FabLab/controllers/default.py: 1
[2014-05-15 14:03:25] EDIT FabLab/controllers/default.py: 0
[2014-05-15 14:03:36] EDIT FabLab/controllers/default.py: 0
[2014-05-15 14:03:38] EDIT FabLab/controllers/default.py: 0
[2014-05-15 14:03:46] EDIT FabLab/controllers/default.py: 0
[2014-05-15 14:03:50] EDIT FabLab/controllers/default.py: 0
[2014-05-15 14:04:07] EDIT FabLab/controllers/default.py: 0
[2014-05-15 14:04:09] EDIT FabLab/controllers/default.py: 0
[2014-05-15 14:04:21] EDIT FabLab/controllers/default.py: 0
[2014-05-15 14:04:25] EDIT FabLab/controllers/default.py: 0
[2014-05-15 14:04:39] EDIT FabLab/controllers/default.py: 0
[2014-05-15 14:04:52] EDIT FabLab/controllers/default.py: 0
[2014-05-15 14:05:01] EDIT FabLab/controllers/default.py: 0
[2014-05-15 14:05:17] EDIT FabLab/controllers/default.py: 0
[2014-05-15 14:05:20] EDIT FabLab/controllers/default.py: 0
[2014-05-15 14:05:31] EDIT FabLab/controllers/default.py: 0
[2014-05-15 14:05:55] EDIT FabLab/controllers/default.py: 0
[2014-05-15 14:06:07] EDIT FabLab/controllers/default.py: 0
[2014-05-15 14:06:11] EDIT FabLab/views/default/first.html: 0
[2014-05-15 14:08:10] EDIT FabLab/views/default/first.html: 0
[2014-05-15 14:12:23] EDIT FabLab/views/default/first.html: 0
[2014-05-15 14:14:58] EDIT FabLab/controllers/default.py: 0
[2014-05-15 14:16:44] EDIT FabLab/controllers/default.py: 0
[2014-05-15 14:16:59] EDIT FabLab/controllers/default.py: 0
[2014-05-15 14:20:04] EDIT FabLab/controllers/default.py: 0
[2014-05-15 14:22:14] EDIT FabLab/views/default/first.html: 0
[2014-05-15 14:22:18] EDIT FabLab/controllers/default.py: 0
[2014-05-15 14:26:23] EDIT FabLab/controllers/default.py: 1
[2014-05-15 14:26:25] EDIT FabLab/controllers/default.py: 0
[2014-05-15 14:26:47] EDIT FabLab/controllers/default.py: -1
[2014-05-15 14:27:06] EDIT FabLab/controllers/default.py: 0
[2014-05-15 14:27:29] EDIT FabLab/controllers/default.py: 0
[2014-05-15 14:27:34] EDIT FabLab/controllers/default.py: 0
[2014-05-15 14:28:47] EDIT FabLab/controllers/default.py: 0
[2014-05-15 14:28:52] EDIT FabLab/controllers/default.py: 0
[2014-05-15 14:34:00] EDIT FabLab/controllers/default.py: 0
[2014-05-15 14:56:00] EDIT FabLab/controllers/default.py: 1
[2014-05-15 14:56:17] EDIT FabLab/controllers/default.py: 0
[2014-05-15 14:56:23] EDIT FabLab/controllers/default.py: 0
[2014-05-15 14:56:37] EDIT FabLab/controllers/default.py: 0
[2014-05-15 14:56:52] EDIT FabLab/controllers/default.py: 0
[2014-05-15 14:56:54] EDIT FabLab/controllers/default.py: 0
[2014-05-15 14:56:59] EDIT FabLab/controllers/default.py: 0
[2014-05-15 14:57:30] EDIT FabLab/controllers/default.py: 0
[2014-05-15 14:57:34] EDIT FabLab/controllers/default.py: 0
[2014-05-15 14:57:45] EDIT FabLab/controllers/default.py: 0
[2014-05-15 14:59:20] EDIT FabLab/controllers/default.py: 1
[2014-05-15 15:06:07] EDIT FabLab/controllers/default.py: 0
[2014-05-15 15:06:21] EDIT FabLab/controllers/default.py: 0
[2014-05-15 15:06:31] EDIT FabLab/controllers/default.py: 0
[2014-05-15 15:06:39] EDIT FabLab/controllers/default.py: 0
[2014-05-15 15:06:43] EDIT FabLab/controllers/default.py: 0
[2014-05-15 15:06:56] EDIT FabLab/controllers/default.py: 0
[2014-05-15 15:07:01] EDIT FabLab/controllers/default.py: 0
[2014-05-15 15:07:31] EDIT FabLab/controllers/default.py: 0
[2014-05-15 15:10:18] EDIT FabLab/controllers/default.py: 0
[2014-05-15 15:10:22] EDIT FabLab/controllers/default.py: 0
[2014-05-15 15:11:25] EDIT FabLab/controllers/default.py: 0
[2014-05-15 15:11:34] EDIT FabLab/controllers/default.py: 0
[2014-05-15 15:11:45] EDIT FabLab/controllers/default.py: 0
[2014-05-15 15:11:47] EDIT FabLab/controllers/default.py: 0
[2014-05-15 15:11:47] EDIT FabLab/controllers/default.py: 0
[2014-05-15 15:11:48] EDIT FabLab/controllers/default.py: 0
[2014-05-15 15:11:51] EDIT FabLab/controllers/default.py: 0
[2014-05-15 15:13:18] EDIT FabLab/controllers/default.py: 0
[2014-05-15 15:13:21] EDIT FabLab/controllers/default.py: 0
[2014-05-15 15:13:54] EDIT FabLab/controllers/default.py: 0
[2014-05-15 15:13:58] EDIT FabLab/controllers/default.py: 0
[2014-05-15 15:15:03] EDIT FabLab/controllers/default.py: -2
[2014-05-15 15:15:15] EDIT FabLab/controllers/default.py: 0
[2014-05-15 15:15:18] EDIT FabLab/controllers/default.py: 0
[2014-05-15 15:15:21] EDIT FabLab/controllers/default.py: 0
[2014-05-15 15:20:59] EDIT FabLab/controllers/default.py: 0
[2014-05-15 15:21:24] EDIT FabLab/controllers/default.py: 0
[2014-05-15 15:21:26] EDIT FabLab/controllers/default.py: 0
[2014-05-15 15:21:26] EDIT FabLab/controllers/default.py: 0
[2014-05-15 15:21:26] EDIT FabLab/controllers/default.py: 0
[2014-05-15 15:21:30] EDIT FabLab/controllers/default.py: 0
[2014-05-15 15:32:25] EDIT FabLab/controllers/default.py: 2
[2014-05-15 15:33:11] EDIT FabLab/controllers/default.py: 0
[2014-05-15 15:33:13] EDIT FabLab/controllers/default.py: 0
[2014-05-15 15:33:13] EDIT FabLab/controllers/default.py: 0
[2014-05-15 15:33:13] EDIT FabLab/controllers/default.py: 0
[2014-05-15 15:33:20] EDIT FabLab/controllers/default.py: 0
[2014-05-15 15:35:55] EDIT FabLab/controllers/default.py: 0
[2014-05-15 15:35:56] EDIT FabLab/controllers/default.py: 0
[2014-05-15 15:35:59] EDIT FabLab/controllers/default.py: 0
[2014-05-15 15:36:14] EDIT FabLab/controllers/default.py: 0
[2014-05-15 15:36:28] EDIT FabLab/controllers/default.py: 0
[2014-05-15 15:36:31] EDIT FabLab/controllers/default.py: 0
[2014-05-15 15:36:52] EDIT FabLab/controllers/default.py: 0
[2014-05-15 15:36:57] EDIT FabLab/controllers/default.py: 0
[2014-05-15 15:37:04] EDIT FabLab/controllers/default.py: 0
[2014-05-15 15:37:08] EDIT FabLab/controllers/default.py: 0
[2014-05-15 15:37:19] EDIT FabLab/controllers/default.py: -1
[2014-05-15 15:38:05] EDIT FabLab/controllers/default.py: -3
[2014-05-15 15:38:23] EDIT FabLab/controllers/default.py: 0
[2014-05-15 15:39:00] EDIT FabLab/controllers/default.py: 0
[2014-05-15 15:39:37] EDIT FabLab/controllers/default.py: 0
[2014-05-15 15:40:06] EDIT FabLab/controllers/default.py: 0
[2014-05-15 15:40:54] EDIT FabLab/controllers/default.py: 0
[2014-05-15 15:41:10] EDIT FabLab/controllers/default.py: 0
[2014-05-15 15:41:54] EDIT FabLab/controllers/default.py: 0
[2014-05-15 15:41:59] EDIT FabLab/controllers/default.py: 0
[2014-05-15 15:46:38] EDIT FabLab/controllers/default.py: 0
[2014-05-15 15:47:14] EDIT FabLab/controllers/default.py: -1
[2014-05-15 16:20:27] EDIT FabLab/controllers/default.py: 0
[2014-05-15 16:20:33] EDIT FabLab/controllers/default.py: 0
[2014-05-15 16:20:34] EDIT FabLab/controllers/default.py: 0
[2014-05-15 16:20:35] EDIT FabLab/controllers/default.py: 0
[2014-05-15 16:20:38] EDIT FabLab/controllers/default.py: 0
[2014-05-15 16:25:42] EDIT FabLab/controllers/default.py: 0
[2014-05-15 16:27:56] EDIT FabLab/controllers/default.py: -20
[2014-05-15 16:27:58] EDIT FabLab/controllers/default.py: 0
[2014-05-15 16:31:45] EDIT FabLab/controllers/default.py: 2
[2014-05-15 16:31:53] EDIT FabLab/controllers/default.py: 0
[2014-05-15 16:32:21] EDIT FabLab/controllers/default.py: 1
[2014-05-15 17:05:13] EDIT FabLab/controllers/default.py: 0
[2014-05-15 17:05:17] EDIT FabLab/controllers/default.py: 0
[2014-05-15 17:05:52] EDIT FabLab/controllers/default.py: 0
[2014-05-15 17:05:56] EDIT FabLab/controllers/default.py: 0
[2014-05-15 17:06:07] EDIT FabLab/controllers/default.py: 0
[2014-05-15 17:06:11] EDIT FabLab/controllers/default.py: 0
[2014-05-15 17:06:26] EDIT FabLab/controllers/default.py: 0
[2014-05-15 17:06:30] EDIT FabLab/controllers/default.py: 0
[2014-05-15 17:21:27] EDIT FabLab/controllers/default.py: 2
[2014-05-15 17:23:56] EDIT FabLab/controllers/default.py: 0
[2014-05-15 17:24:22] EDIT FabLab/controllers/default.py: 0
[2014-05-15 17:25:46] EDIT FabLab/controllers/default.py: 0
[2014-05-15 17:36:06] EDIT FabLab/controllers/default.py: 1
[2014-05-15 17:36:21] EDIT FabLab/controllers/default.py: 0
[2014-05-15 17:37:30] EDIT FabLab/controllers/default.py: 4
[2014-05-15 17:38:23] EDIT FabLab/controllers/default.py: 5
[2014-05-15 17:38:35] EDIT FabLab/controllers/default.py: 0
[2014-05-15 17:38:57] EDIT FabLab/controllers/default.py: 0
[2014-05-15 17:41:50] EDIT FabLab/views/default/first.html: 0
[2014-05-15 17:43:36] EDIT FabLab/views/default/first.html: 0
[2014-05-15 17:44:29] EDIT FabLab/views/default/first.html: 0
[2014-05-15 17:45:34] EDIT FabLab/controllers/default.py: 0
[2014-05-15 17:46:04] EDIT FabLab/controllers/default.py: 0
[2014-05-15 17:48:42] EDIT FabLab/controllers/default.py: 0
[2014-05-15 17:50:45] EDIT FabLab/views/default/first.html: 0
[2014-05-15 17:51:46] EDIT FabLab/views/default/first.html: 0
[2014-05-15 17:53:10] EDIT FabLab/views/default/first.html: 0
[2014-05-16 10:21:09] EDIT FabLab/views/default/first.html: 0
[2014-05-16 10:28:58] EDIT FabLab/views/default/first.html: 0
[2014-05-16 10:30:23] EDIT FabLab/views/default/first.html: 0
[2014-05-16 10:36:30] EDIT FabLab/controllers/default.py: 0
[2014-05-16 10:38:11] EDIT FabLab/controllers/default.py: 0
[2014-05-16 10:38:55] EDIT FabLab/controllers/default.py: 0
[2014-05-16 10:39:31] EDIT FabLab/controllers/default.py: 0
[2014-05-16 10:44:19] EDIT FabLab/controllers/default.py: 0
[2014-05-16 10:50:45] EDIT FabLab/controllers/default.py: 0
[2014-05-16 10:51:41] EDIT FabLab/controllers/default.py: 0
[2014-05-16 10:52:33] EDIT FabLab/controllers/default.py: 0
[2014-05-16 11:32:01] EDIT FabLab/controllers/default.py: 10
[2014-05-16 11:32:09] EDIT FabLab/controllers/default.py: 0
[2014-05-16 11:32:50] EDIT FabLab/controllers/default.py: 0
[2014-05-16 11:33:17] EDIT FabLab/controllers/default.py: 0
[2014-05-16 11:33:19] EDIT FabLab/controllers/default.py: 0
[2014-05-16 11:33:31] EDIT FabLab/controllers/default.py: 0
[2014-05-16 11:33:35] EDIT FabLab/controllers/default.py: 0
